# JRE version: OpenJDK Runtime Environment (11.0.4+11) (build 11.0.4+11-post-Ubuntu-1ubuntu219.04)
# Java VM: OpenJDK 64-Bit Server VM (11.0.4+11-post-Ubuntu-1ubuntu219.04, mixed mode, sharing, tiered, compressed oops, g1 gc, linux-amd64)
Heap:
 garbage-first heap   total 700416K, used 140395K [0x0000000087a00000, 0x0000000100000000)
  region size 1024K, 2 young (2048K), 2 survivors (2048K)
 Metaspace       used 930K, capacity 4683K, committed 4864K, reserved 1056768K
  class space    used 74K, capacity 431K, committed 512K, reserved 1048576K
GC Heap History (10 events):
Event: 0,602 GC heap after
{Heap after GC invocations=4 (full 0):
 garbage-first heap   total 126976K, used 65144K [0x0000000087a00000, 0x0000000100000000)
  region size 1024K, 3 young (3072K), 3 survivors (3072K)
 Metaspace       used 930K, capacity 4683K, committed 4864K, reserved 1056768K
  class space    used 74K, capacity 431K, committed 512K, reserved 1048576K
}
Event: 0,640 GC heap before
{Heap before GC invocations=4 (full 0):
 garbage-first heap   total 126976K, used 79480K [0x0000000087a00000, 0x0000000100000000)
  region size 1024K, 17 young (17408K), 3 survivors (3072K)
 Metaspace       used 930K, capacity 4683K, committed 4864K, reserved 1056768K
  class space    used 74K, capacity 431K, committed 512K, reserved 1048576K
}
Event: 0,658 GC heap after
{Heap after GC invocations=5 (full 0):
 garbage-first heap   total 233472K, used 79992K [0x0000000087a00000, 0x0000000100000000)
  region size 1024K, 3 young (3072K), 3 survivors (3072K)
 Metaspace       used 930K, capacity 4683K, committed 4864K, reserved 1056768K
  class space    used 74K, capacity 431K, committed 512K, reserved 1048576K
}
Event: 1,032 GC heap before
{Heap before GC invocations=6 (full 0):
 garbage-first heap   total 233472K, used 111736K [0x0000000087a00000, 0x0000000100000000)
  region size 1024K, 34 young (34816K), 3 survivors (3072K)
 Metaspace       used 930K, capacity 4683K, committed 4864K, reserved 1056768K
  class space    used 74K, capacity 431K, committed 512K, reserved 1048576K
}
Event: 4,455 GC heap after
{Heap after GC invocations=7 (full 0):
 garbage-first heap   total 233472K, used 112760K [0x0000000087a00000, 0x0000000100000000)
  region size 1024K, 5 young (5120K), 5 survivors (5120K)
 Metaspace       used 930K, capacity 4683K, committed 4864K, reserved 1056768K
  class space    used 74K, capacity 431K, committed 512K, reserved 1048576K
}
Event: 7,294 GC heap before
{Heap before GC invocations=7 (full 0):
 garbage-first heap   total 233472K, used 118904K [0x0000000087a00000, 0x0000000100000000)
  region size 1024K, 11 young (11264K), 5 survivors (5120K)
 Metaspace       used 930K, capacity 4683K, committed 4864K, reserved 1056768K
  class space    used 74K, capacity 431K, committed 512K, reserved 1048576K
}
Event: 8,519 GC heap after
{Heap after GC invocations=8 (full 0):
 garbage-first heap   total 233472K, used 120440K [0x0000000087a00000, 0x0000000100000000)
  region size 1024K, 2 young (2048K), 2 survivors (2048K)
 Metaspace       used 930K, capacity 4683K, committed 4864K, reserved 1056768K
  class space    used 74K, capacity 431K, committed 512K, reserved 1048576K
}
Event: 11,828 GC heap before
{Heap before GC invocations=9 (full 0):
 garbage-first heap   total 233472K, used 129656K [0x0000000087a00000, 0x0000000100000000)
  region size 1024K, 11 young (11264K), 2 survivors (2048K)
 Metaspace       used 930K, capacity 4683K, committed 4864K, reserved 1056768K
  class space    used 74K, capacity 431K, committed 512K, reserved 1048576K
}
Event: 12,362 GC heap after
{Heap after GC invocations=10 (full 0):
 garbage-first heap   total 233472K, used 130168K [0x0000000087a00000, 0x0000000100000000)
  region size 1024K, 2 young (2048K), 2 survivors (2048K)
 Metaspace       used 930K, capacity 4683K, committed 4864K, reserved 1056768K
  class space    used 74K, capacity 431K, committed 512K, reserved 1048576K
}
Event: 17,365 GC heap before
{Heap before GC invocations=10 (full 0):
 garbage-first heap   total 233472K, used 139384K [0x0000000087a00000, 0x0000000100000000)
  region size 1024K, 11 young (11264K), 2 survivors (2048K)
 Metaspace       used 930K, capacity 4683K, committed 4864K, reserved 1056768K
  class space    used 74K, capacity 431K, committed 512K, reserved 1048576K
}

